2021-12-29T10:52:06.902793+0200 INFO Show table
2021-12-29T11:35:42.827692+0200 INFO Show table dict_keys([])
2021-12-29T19:13:43.276369+0200 INFO Show employees
2021-12-29T19:13:45.372845+0200 INFO Delete employee. Id: 12
2021-12-29T19:13:45.382110+0200 INFO Show employees
2021-12-29T19:22:47.227697+0200 INFO Show projects
2022-01-12T15:08:34.632965+0200 INFO Show employees
2022-01-12T15:11:04.018157+0200 INFO Show projects
2022-01-12T15:14:08.032716+0200 INFO Delete project
2022-01-12T15:14:08.042687+0200 INFO Show projects
2022-01-12T15:14:43.519846+0200 INFO Show table
2022-01-12T15:14:46.016670+0200 INFO Show table
2022-01-12T15:14:46.818795+0200 INFO Show table
2022-01-12T15:14:47.987574+0200 INFO Show table
2022-01-12T15:15:41.321432+0200 INFO Show projects
2022-01-12T15:15:45.502805+0200 INFO Show table
2022-01-12T15:15:46.799183+0200 INFO Show employees
2022-01-12T15:15:47.940642+0200 INFO Show projects
2022-01-12T15:16:06.806016+0200 INFO Create project. Name: Softcode
2022-01-12T15:16:06.816989+0200 INFO Show projects
2022-01-12T15:16:09.115876+0200 INFO Show table
2022-01-12T15:16:10.911762+0200 INFO Show table
2022-01-12T15:16:40.975068+0200 INFO Show employees
2022-01-12T15:16:44.332956+0200 INFO Show create employee page
2022-01-12T15:16:50.273408+0200 INFO Show employees
2022-01-12T15:17:05.226069+0200 INFO Create new employee
2022-01-12T15:17:05.236051+0200 INFO Show employees
2022-01-12T15:17:06.575950+0200 INFO Show projects
2022-01-12T15:17:08.266840+0200 INFO Show project. ID: 13
2022-01-12T15:17:10.539291+0200 INFO Show table
2022-01-12T15:21:03.147743+0200 INFO Show employees
2022-01-12T15:31:40.187163+0200 INFO Show create employee page
